#-----------------------------------------------------------
# Vivado v2018.3 (64-bit)
# SW Build 2405991 on Thu Dec  6 23:38:27 MST 2018
# IP Build 2404404 on Fri Dec  7 01:43:56 MST 2018
# Start of session at: Sun Apr 27 12:19:58 2025
# Process ID: 5124
# Current directory: C:/Users/dell/Desktop/Tensor/2D_FFT_0_final
# Command line: vivado.exe -gui_launcher_event rodinguilauncherevent7772 C:\Users\dell\Desktop\Tensor\2D_FFT_0_final\dma_test.xpr
# Log file: C:/Users/dell/Desktop/Tensor/2D_FFT_0_final/vivado.log
# Journal file: C:/Users/dell/Desktop/Tensor/2D_FFT_0_final\vivado.jou
#-----------------------------------------------------------
start_gui
open_project C:/Users/dell/Desktop/Tensor/2D_FFT_0_final/dma_test.xpr
Scanning sources...
Finished scanning sources
INFO: [IP_Flow 19-234] Refreshing IP repositories
INFO: [IP_Flow 19-1704] No user IP repositories specified
INFO: [IP_Flow 19-2313] Loaded Vivado IP repository 'C:/Xilinx/Vivado/2018.3/data/ip'.
open_project: Time (s): cpu = 00:00:07 ; elapsed = 00:00:17 . Memory (MB): peak = 951.840 ; gain = 299.941
update_compile_order -fileset sources_1
set_property top FFT_2D_Top [current_fileset]
update_compile_order -fileset sources_1
file mkdir C:/Users/dell/Desktop/Tensor/2D_FFT_0_final/dma_test.srcs/sim_1/new
set_property SOURCE_SET sources_1 [get_filesets sim_1]
close [ open C:/Users/dell/Desktop/Tensor/2D_FFT_0_final/dma_test.srcs/sim_1/new/FFT_2D_Top_tb.v w ]
add_files -fileset sim_1 C:/Users/dell/Desktop/Tensor/2D_FFT_0_final/dma_test.srcs/sim_1/new/FFT_2D_Top_tb.v
update_compile_order -fileset sim_1
export_ip_user_files -of_objects  [get_files C:/Users/dell/Desktop/Tensor/2D_FFT_0_final/dma_test.srcs/sim_1/new/FFT_2D_Top_tb.v] -no_script -reset -force -quiet
remove_files  -fileset sim_1 C:/Users/dell/Desktop/Tensor/2D_FFT_0_final/dma_test.srcs/sim_1/new/FFT_2D_Top_tb.v
file delete -force C:/Users/dell/Desktop/Tensor/2D_FFT_0_final/dma_test.srcs/sim_1/new/FFT_2D_Top_tb.v
set_property top top_wrapper [current_fileset]
update_compile_order -fileset sources_1
reset_run synth_1
launch_runs synth_1 -jobs 12
[Sun Apr 27 12:47:11 2025] Launched synth_1...
Run output will be captured here: C:/Users/dell/Desktop/Tensor/2D_FFT_0_final/dma_test.runs/synth_1/runme.log
exit
INFO: [Common 17-206] Exiting Vivado at Sun Apr 27 14:04:03 2025...
