#-----------------------------------------------------------
# Vivado v2018.3 (64-bit)
# SW Build 2405991 on Thu Dec  6 23:38:27 MST 2018
# IP Build 2404404 on Fri Dec  7 01:43:56 MST 2018
# Start of session at: Fri May 23 14:56:24 2025
# Process ID: 18572
# Current directory: C:/Users/dell/Desktop/42/2D_FFT_0_final
# Command line: vivado.exe -gui_launcher_event rodinguilauncherevent14476 C:\Users\dell\Desktop\42\2D_FFT_0_final\dma_test.xpr
# Log file: C:/Users/dell/Desktop/42/2D_FFT_0_final/vivado.log
# Journal file: C:/Users/dell/Desktop/42/2D_FFT_0_final\vivado.jou
#-----------------------------------------------------------
start_gui
open_project C:/Users/dell/Desktop/42/2D_FFT_0_final/dma_test.xpr
INFO: [Project 1-313] Project file moved from 'C:/Users/dell/Desktop/Tensor/2D_FFT_0_final' since last save.
Scanning sources...
Finished scanning sources
INFO: [IP_Flow 19-234] Refreshing IP repositories
INFO: [IP_Flow 19-1704] No user IP repositories specified
INFO: [IP_Flow 19-2313] Loaded Vivado IP repository 'C:/Xilinx/Vivado/2018.3/data/ip'.
open_project: Time (s): cpu = 00:00:08 ; elapsed = 00:00:16 . Memory (MB): peak = 945.789 ; gain = 281.707
update_compile_order -fileset sources_1
exit
INFO: [Common 17-206] Exiting Vivado at Fri May 23 14:57:26 2025...
